D:\Final\Assignment-3 pathing\Source\Windows\\Application\GAM-1514 Windows Game.exe
D:\Final\Assignment-3 pathing\Source\Windows\\Application\GAM-1514 Windows Game.ilk
D:\Final\Assignment-3 pathing\Source\Windows\\Application\GAM-1514 Windows Game.pdb
D:\FINAL\ASSIGNMENT-3 PATHING\SOURCE\WINDOWS\APPLICATION\GAM-1514 WINDOWS GAME.EXE
D:\FINAL\ASSIGNMENT-3 PATHING\SOURCE\WINDOWS\APPLICATION\GAM-1514 WINDOWS GAME.ILK
D:\FINAL\ASSIGNMENT-3 PATHING\SOURCE\WINDOWS\APPLICATION\GAM-1514 WINDOWS GAME.PDB
D:\FINAL\ASSIGNMENT-3 PATHING\SOURCE\WINDOWS\BUILD FILES\DEBUG\ADLER32.OBJ
D:\FINAL\ASSIGNMENT-3 PATHING\SOURCE\WINDOWS\BUILD FILES\DEBUG\BRICKTILE.OBJ
D:\FINAL\ASSIGNMENT-3 PATHING\SOURCE\WINDOWS\BUILD FILES\DEBUG\CHESTTILE.OBJ
D:\Final\Assignment-3 pathing\Source\Windows\Build Files\Debug\cl.command.1.tlog
D:\Final\Assignment-3 pathing\Source\Windows\Build Files\Debug\CL.read.1.tlog
D:\Final\Assignment-3 pathing\Source\Windows\Build Files\Debug\CL.write.1.tlog
D:\FINAL\ASSIGNMENT-3 PATHING\SOURCE\WINDOWS\BUILD FILES\DEBUG\COMPLETEMENU.OBJ
D:\FINAL\ASSIGNMENT-3 PATHING\SOURCE\WINDOWS\BUILD FILES\DEBUG\COMPRESS.OBJ
D:\FINAL\ASSIGNMENT-3 PATHING\SOURCE\WINDOWS\BUILD FILES\DEBUG\CRC32.OBJ
D:\FINAL\ASSIGNMENT-3 PATHING\SOURCE\WINDOWS\BUILD FILES\DEBUG\DEFLATE.OBJ
D:\FINAL\ASSIGNMENT-3 PATHING\SOURCE\WINDOWS\BUILD FILES\DEBUG\ENEMY.OBJ
D:\FINAL\ASSIGNMENT-3 PATHING\SOURCE\WINDOWS\BUILD FILES\DEBUG\GAM-1514 WINDOWS GAME.EXE.EMBED.MANIFEST
D:\FINAL\ASSIGNMENT-3 PATHING\SOURCE\WINDOWS\BUILD FILES\DEBUG\GAM-1514 WINDOWS GAME.EXE.EMBED.MANIFEST.RES
D:\FINAL\ASSIGNMENT-3 PATHING\SOURCE\WINDOWS\BUILD FILES\DEBUG\GAM-1514 WINDOWS GAME.EXE.INTERMEDIATE.MANIFEST
D:\Final\Assignment-3 pathing\Source\Windows\Build Files\Debug\GAM-1514 Windows Game_manifest.rc
D:\FINAL\ASSIGNMENT-3 PATHING\SOURCE\WINDOWS\BUILD FILES\DEBUG\GAME.OBJ
D:\FINAL\ASSIGNMENT-3 PATHING\SOURCE\WINDOWS\BUILD FILES\DEBUG\GAMECONSTANTS.OBJ
D:\FINAL\ASSIGNMENT-3 PATHING\SOURCE\WINDOWS\BUILD FILES\DEBUG\GAMEOBJECT.OBJ
D:\FINAL\ASSIGNMENT-3 PATHING\SOURCE\WINDOWS\BUILD FILES\DEBUG\GAMEOVERMENU.OBJ
D:\FINAL\ASSIGNMENT-3 PATHING\SOURCE\WINDOWS\BUILD FILES\DEBUG\GDRANDOM.OBJ
D:\FINAL\ASSIGNMENT-3 PATHING\SOURCE\WINDOWS\BUILD FILES\DEBUG\GRASSTILE.OBJ
D:\FINAL\ASSIGNMENT-3 PATHING\SOURCE\WINDOWS\BUILD FILES\DEBUG\GROUNDTILE.OBJ
D:\FINAL\ASSIGNMENT-3 PATHING\SOURCE\WINDOWS\BUILD FILES\DEBUG\GZCLOSE.OBJ
D:\FINAL\ASSIGNMENT-3 PATHING\SOURCE\WINDOWS\BUILD FILES\DEBUG\GZLIB.OBJ
D:\FINAL\ASSIGNMENT-3 PATHING\SOURCE\WINDOWS\BUILD FILES\DEBUG\GZREAD.OBJ
D:\FINAL\ASSIGNMENT-3 PATHING\SOURCE\WINDOWS\BUILD FILES\DEBUG\GZWRITE.OBJ
D:\FINAL\ASSIGNMENT-3 PATHING\SOURCE\WINDOWS\BUILD FILES\DEBUG\HERO.OBJ
D:\FINAL\ASSIGNMENT-3 PATHING\SOURCE\WINDOWS\BUILD FILES\DEBUG\INFBACK.OBJ
D:\FINAL\ASSIGNMENT-3 PATHING\SOURCE\WINDOWS\BUILD FILES\DEBUG\INFFAST.OBJ
D:\FINAL\ASSIGNMENT-3 PATHING\SOURCE\WINDOWS\BUILD FILES\DEBUG\INFLATE.OBJ
D:\FINAL\ASSIGNMENT-3 PATHING\SOURCE\WINDOWS\BUILD FILES\DEBUG\INFTREES.OBJ
D:\FINAL\ASSIGNMENT-3 PATHING\SOURCE\WINDOWS\BUILD FILES\DEBUG\INPUTCONSTANTS.OBJ
D:\FINAL\ASSIGNMENT-3 PATHING\SOURCE\WINDOWS\BUILD FILES\DEBUG\INPUTEVENT.OBJ
D:\FINAL\ASSIGNMENT-3 PATHING\SOURCE\WINDOWS\BUILD FILES\DEBUG\INPUTLISTENER.OBJ
D:\FINAL\ASSIGNMENT-3 PATHING\SOURCE\WINDOWS\BUILD FILES\DEBUG\INPUTMANAGER.OBJ
D:\FINAL\ASSIGNMENT-3 PATHING\SOURCE\WINDOWS\BUILD FILES\DEBUG\JSON_READER.OBJ
D:\FINAL\ASSIGNMENT-3 PATHING\SOURCE\WINDOWS\BUILD FILES\DEBUG\JSON_VALUE.OBJ
D:\FINAL\ASSIGNMENT-3 PATHING\SOURCE\WINDOWS\BUILD FILES\DEBUG\JSON_WRITER.OBJ
D:\FINAL\ASSIGNMENT-3 PATHING\SOURCE\WINDOWS\BUILD FILES\DEBUG\KEYBOARDEVENT.OBJ
D:\FINAL\ASSIGNMENT-3 PATHING\SOURCE\WINDOWS\BUILD FILES\DEBUG\LEVEL.OBJ
D:\FINAL\ASSIGNMENT-3 PATHING\SOURCE\WINDOWS\BUILD FILES\DEBUG\LEVELCONSTANTS.OBJ
D:\FINAL\ASSIGNMENT-3 PATHING\SOURCE\WINDOWS\BUILD FILES\DEBUG\LEVELEDITOR.OBJ
D:\Final\Assignment-3 pathing\Source\Windows\Build Files\Debug\link.26048.read.1.tlog
D:\Final\Assignment-3 pathing\Source\Windows\Build Files\Debug\link.26048.write.1.tlog
D:\Final\Assignment-3 pathing\Source\Windows\Build Files\Debug\link.26048-cvtres.read.1.tlog
D:\Final\Assignment-3 pathing\Source\Windows\Build Files\Debug\link.26048-cvtres.write.1.tlog
D:\Final\Assignment-3 pathing\Source\Windows\Build Files\Debug\link.33116.read.1.tlog
D:\Final\Assignment-3 pathing\Source\Windows\Build Files\Debug\link.33116.write.1.tlog
D:\Final\Assignment-3 pathing\Source\Windows\Build Files\Debug\link.33116-cvtres.read.1.tlog
D:\Final\Assignment-3 pathing\Source\Windows\Build Files\Debug\link.33116-cvtres.write.1.tlog
D:\Final\Assignment-3 pathing\Source\Windows\Build Files\Debug\link.34416.read.1.tlog
D:\Final\Assignment-3 pathing\Source\Windows\Build Files\Debug\link.34416.write.1.tlog
D:\Final\Assignment-3 pathing\Source\Windows\Build Files\Debug\link.34416-cvtres.read.1.tlog
D:\Final\Assignment-3 pathing\Source\Windows\Build Files\Debug\link.34416-cvtres.write.1.tlog
D:\Final\Assignment-3 pathing\Source\Windows\Build Files\Debug\link.34876.read.1.tlog
D:\Final\Assignment-3 pathing\Source\Windows\Build Files\Debug\link.34876.write.1.tlog
D:\Final\Assignment-3 pathing\Source\Windows\Build Files\Debug\link.34876-cvtres.read.1.tlog
D:\Final\Assignment-3 pathing\Source\Windows\Build Files\Debug\link.34876-cvtres.write.1.tlog
D:\Final\Assignment-3 pathing\Source\Windows\Build Files\Debug\link.8876.read.1.tlog
D:\Final\Assignment-3 pathing\Source\Windows\Build Files\Debug\link.8876.write.1.tlog
D:\Final\Assignment-3 pathing\Source\Windows\Build Files\Debug\link.8876-cvtres.read.1.tlog
D:\Final\Assignment-3 pathing\Source\Windows\Build Files\Debug\link.8876-cvtres.write.1.tlog
D:\Final\Assignment-3 pathing\Source\Windows\Build Files\Debug\link.9808.read.1.tlog
D:\Final\Assignment-3 pathing\Source\Windows\Build Files\Debug\link.9808.write.1.tlog
D:\Final\Assignment-3 pathing\Source\Windows\Build Files\Debug\link.9808-cvtres.read.1.tlog
D:\Final\Assignment-3 pathing\Source\Windows\Build Files\Debug\link.9808-cvtres.write.1.tlog
D:\Final\Assignment-3 pathing\Source\Windows\Build Files\Debug\link.command.1.tlog
D:\Final\Assignment-3 pathing\Source\Windows\Build Files\Debug\link.read.1.tlog
D:\Final\Assignment-3 pathing\Source\Windows\Build Files\Debug\link.write.1.tlog
D:\Final\Assignment-3 pathing\Source\Windows\Build Files\Debug\link-cvtres.read.1.tlog
D:\Final\Assignment-3 pathing\Source\Windows\Build Files\Debug\link-cvtres.write.1.tlog
D:\FINAL\ASSIGNMENT-3 PATHING\SOURCE\WINDOWS\BUILD FILES\DEBUG\LOADINGMENU.OBJ
D:\FINAL\ASSIGNMENT-3 PATHING\SOURCE\WINDOWS\BUILD FILES\DEBUG\LOGGER.OBJ
D:\FINAL\ASSIGNMENT-3 PATHING\SOURCE\WINDOWS\BUILD FILES\DEBUG\MAIN.OBJ
D:\FINAL\ASSIGNMENT-3 PATHING\SOURCE\WINDOWS\BUILD FILES\DEBUG\MAINMENU.OBJ
D:\FINAL\ASSIGNMENT-3 PATHING\SOURCE\WINDOWS\BUILD FILES\DEBUG\MATHUTILS.OBJ
D:\FINAL\ASSIGNMENT-3 PATHING\SOURCE\WINDOWS\BUILD FILES\DEBUG\MENU.OBJ
D:\FINAL\ASSIGNMENT-3 PATHING\SOURCE\WINDOWS\BUILD FILES\DEBUG\MENUCONSTANTS.OBJ
D:\FINAL\ASSIGNMENT-3 PATHING\SOURCE\WINDOWS\BUILD FILES\DEBUG\MOUSEEVENT.OBJ
D:\Final\Assignment-3 pathing\Source\Windows\Build Files\Debug\mt.command.1.tlog
D:\Final\Assignment-3 pathing\Source\Windows\Build Files\Debug\mt.read.1.tlog
D:\Final\Assignment-3 pathing\Source\Windows\Build Files\Debug\mt.write.1.tlog
D:\FINAL\ASSIGNMENT-3 PATHING\SOURCE\WINDOWS\BUILD FILES\DEBUG\OPENGLANIMATEDTEXTURE.OBJ
D:\FINAL\ASSIGNMENT-3 PATHING\SOURCE\WINDOWS\BUILD FILES\DEBUG\OPENGLRENDERER.OBJ
D:\FINAL\ASSIGNMENT-3 PATHING\SOURCE\WINDOWS\BUILD FILES\DEBUG\OPENGLTEXTURE.OBJ
D:\FINAL\ASSIGNMENT-3 PATHING\SOURCE\WINDOWS\BUILD FILES\DEBUG\OPENGLTEXTURECACHE.OBJ
D:\FINAL\ASSIGNMENT-3 PATHING\SOURCE\WINDOWS\BUILD FILES\DEBUG\OPENGLTEXTURELOADER.OBJ
D:\FINAL\ASSIGNMENT-3 PATHING\SOURCE\WINDOWS\BUILD FILES\DEBUG\OPENGLTEXTUREMANAGER.OBJ
D:\FINAL\ASSIGNMENT-3 PATHING\SOURCE\WINDOWS\BUILD FILES\DEBUG\OPENGLWINDOW.OBJ
D:\FINAL\ASSIGNMENT-3 PATHING\SOURCE\WINDOWS\BUILD FILES\DEBUG\PATHFINDER.OBJ
D:\FINAL\ASSIGNMENT-3 PATHING\SOURCE\WINDOWS\BUILD FILES\DEBUG\PATHNODE.OBJ
D:\FINAL\ASSIGNMENT-3 PATHING\SOURCE\WINDOWS\BUILD FILES\DEBUG\PLAYER.OBJ
D:\FINAL\ASSIGNMENT-3 PATHING\SOURCE\WINDOWS\BUILD FILES\DEBUG\PNG.OBJ
D:\FINAL\ASSIGNMENT-3 PATHING\SOURCE\WINDOWS\BUILD FILES\DEBUG\PNGERROR.OBJ
D:\FINAL\ASSIGNMENT-3 PATHING\SOURCE\WINDOWS\BUILD FILES\DEBUG\PNGGET.OBJ
D:\FINAL\ASSIGNMENT-3 PATHING\SOURCE\WINDOWS\BUILD FILES\DEBUG\PNGMEM.OBJ
D:\FINAL\ASSIGNMENT-3 PATHING\SOURCE\WINDOWS\BUILD FILES\DEBUG\PNGPREAD.OBJ
D:\FINAL\ASSIGNMENT-3 PATHING\SOURCE\WINDOWS\BUILD FILES\DEBUG\PNGREAD.OBJ
D:\FINAL\ASSIGNMENT-3 PATHING\SOURCE\WINDOWS\BUILD FILES\DEBUG\PNGRIO.OBJ
D:\FINAL\ASSIGNMENT-3 PATHING\SOURCE\WINDOWS\BUILD FILES\DEBUG\PNGRTRAN.OBJ
D:\FINAL\ASSIGNMENT-3 PATHING\SOURCE\WINDOWS\BUILD FILES\DEBUG\PNGRUTIL.OBJ
D:\FINAL\ASSIGNMENT-3 PATHING\SOURCE\WINDOWS\BUILD FILES\DEBUG\PNGSET.OBJ
D:\FINAL\ASSIGNMENT-3 PATHING\SOURCE\WINDOWS\BUILD FILES\DEBUG\PNGTRANS.OBJ
D:\FINAL\ASSIGNMENT-3 PATHING\SOURCE\WINDOWS\BUILD FILES\DEBUG\PNGWIO.OBJ
D:\FINAL\ASSIGNMENT-3 PATHING\SOURCE\WINDOWS\BUILD FILES\DEBUG\PNGWRITE.OBJ
D:\FINAL\ASSIGNMENT-3 PATHING\SOURCE\WINDOWS\BUILD FILES\DEBUG\PNGWTRAN.OBJ
D:\FINAL\ASSIGNMENT-3 PATHING\SOURCE\WINDOWS\BUILD FILES\DEBUG\PNGWUTIL.OBJ
D:\FINAL\ASSIGNMENT-3 PATHING\SOURCE\WINDOWS\BUILD FILES\DEBUG\PROJECTILE.OBJ
D:\Final\Assignment-3 pathing\Source\Windows\Build Files\Debug\rc.command.1.tlog
D:\Final\Assignment-3 pathing\Source\Windows\Build Files\Debug\rc.read.1.tlog
D:\Final\Assignment-3 pathing\Source\Windows\Build Files\Debug\rc.write.1.tlog
D:\FINAL\ASSIGNMENT-3 PATHING\SOURCE\WINDOWS\BUILD FILES\DEBUG\RESOURCECONSTANTS.OBJ
D:\FINAL\ASSIGNMENT-3 PATHING\SOURCE\WINDOWS\BUILD FILES\DEBUG\RESOURCEUTILS.OBJ
D:\FINAL\ASSIGNMENT-3 PATHING\SOURCE\WINDOWS\BUILD FILES\DEBUG\SAVEMENU.OBJ
D:\FINAL\ASSIGNMENT-3 PATHING\SOURCE\WINDOWS\BUILD FILES\DEBUG\SCREEN.OBJ
D:\FINAL\ASSIGNMENT-3 PATHING\SOURCE\WINDOWS\BUILD FILES\DEBUG\SCREENMANAGER.OBJ
D:\FINAL\ASSIGNMENT-3 PATHING\SOURCE\WINDOWS\BUILD FILES\DEBUG\SETTINGSMENU.OBJ
D:\FINAL\ASSIGNMENT-3 PATHING\SOURCE\WINDOWS\BUILD FILES\DEBUG\SPLASHMENU.OBJ
D:\FINAL\ASSIGNMENT-3 PATHING\SOURCE\WINDOWS\BUILD FILES\DEBUG\TILE.OBJ
D:\FINAL\ASSIGNMENT-3 PATHING\SOURCE\WINDOWS\BUILD FILES\DEBUG\TOWER.OBJ
D:\FINAL\ASSIGNMENT-3 PATHING\SOURCE\WINDOWS\BUILD FILES\DEBUG\TREES.OBJ
D:\FINAL\ASSIGNMENT-3 PATHING\SOURCE\WINDOWS\BUILD FILES\DEBUG\TREETILE.OBJ
D:\FINAL\ASSIGNMENT-3 PATHING\SOURCE\WINDOWS\BUILD FILES\DEBUG\TURRETTOWER.OBJ
D:\FINAL\ASSIGNMENT-3 PATHING\SOURCE\WINDOWS\BUILD FILES\DEBUG\UIBUTTON.OBJ
D:\FINAL\ASSIGNMENT-3 PATHING\SOURCE\WINDOWS\BUILD FILES\DEBUG\UISIDEMENU.OBJ
D:\FINAL\ASSIGNMENT-3 PATHING\SOURCE\WINDOWS\BUILD FILES\DEBUG\UITOGGLE.OBJ
D:\FINAL\ASSIGNMENT-3 PATHING\SOURCE\WINDOWS\BUILD FILES\DEBUG\UNCOMPR.OBJ
D:\Final\Assignment-3 pathing\Source\Windows\Build Files\Debug\vc100.idb
D:\FINAL\ASSIGNMENT-3 PATHING\SOURCE\WINDOWS\BUILD FILES\DEBUG\VC100.PDB
D:\FINAL\ASSIGNMENT-3 PATHING\SOURCE\WINDOWS\BUILD FILES\DEBUG\WATERTILE.OBJ
D:\FINAL\ASSIGNMENT-3 PATHING\SOURCE\WINDOWS\BUILD FILES\DEBUG\WIN32CONSTANTS.OBJ
D:\FINAL\ASSIGNMENT-3 PATHING\SOURCE\WINDOWS\BUILD FILES\DEBUG\WIN32GAME.OBJ
D:\FINAL\ASSIGNMENT-3 PATHING\SOURCE\WINDOWS\BUILD FILES\DEBUG\ZUTIL.OBJ
